
[2017-10-19T09:19:48.396826+00:00] my-logger.INFO: sdfsdfsdfs [] []
[2017-10-19T09:21:14.623785+00:00] my-logger.INFO: Name: Jan [] []
[2017-10-19T09:21:17.817823+00:00] my-logger.INFO: Name: Peter [] []
[2017-10-19T09:21:20.787410+00:00] my-logger.INFO: Name: Gustav [] []
[2017-10-19T09:26:15.139262+00:00] my-logger.INFO: Name: Gustav [] []
[2017-10-19T09:26:15.140121+00:00] my-logger.EMERGENCY: sssss [] []
[2017-10-19T09:26:36.073166+00:00] my-logger.INFO: Name: Gustav [] []
[2017-10-19T09:26:36.075137+00:00] my-logger.EMERGENCY: sssss ["ffff"] []
[2017-10-19T09:27:01.051533+00:00] my-logger.INFO: Name: Gustav [] []
[2017-10-19T09:27:17.687103+00:00] my-logger.INFO: Name: Gustav [] []
[2017-10-19T09:27:17.687871+00:00] my-logger.EMERGENCY: sssss {"ffff":"yyy"} []
[2017-10-19T09:27:18.165609+00:00] my-logger.INFO: Name: Gustav [] []
[2017-10-19T09:27:18.166820+00:00] my-logger.EMERGENCY: sssss {"ffff":"yyy"} []
[2017-10-19T09:28:05.374755+00:00] my-logger.INFO: Name: Gustav [] []
[2017-10-19T09:28:05.375491+00:00] my-logger.EMERGENCY: sssss {"ffff":"yyy"} []
[2017-10-19T09:28:22.421908+00:00] my-logger.INFO: Name: Gustav [] []
[2017-10-19T09:28:22.422633+00:00] my-logger.ERROR: sssss {"ffff":"yyy"} []
[2017-10-19T18:55:28.221642+00:00] my-logger.INFO: Name: kjllkjl [] []
[2017-10-19T18:55:28.239911+00:00] my-logger.ERROR: sssss {"ffff":"yyy"} []
[2017-10-19T19:09:16.263433+00:00] my-logger.INFO: Name: kjllkjl [] []
[2017-10-20T06:26:51.991524+00:00] my-logger.INFO: Name: kjllkjl [] []
[2017-10-20T06:26:52.009797+00:00] my-logger.ERROR: sssss {"ffff":"yyy"} []
[2017-10-20T06:27:09.602763+00:00] my-logger.INFO: Name: kjllkjl [] []
[2017-10-20T06:27:09.603511+00:00] my-logger.ERROR: sssss {"ffff":"yyy"} []
[2017-10-20T06:27:10.924110+00:00] my-logger.INFO: Name: kjllkjl [] []
[2017-10-20T06:27:10.924830+00:00] my-logger.ERROR: sssss {"ffff":"yyy"} []
[2017-10-20T07:08:56.814115+00:00] my-logger.INFO: Name: kjllkjl [] []
[2017-10-20T07:08:56.831847+00:00] my-logger.ERROR: sssss {"ffff":"yyy"} []
[2017-10-20T07:09:23.793587+00:00] my-logger.INFO: Name: kjllkjl [] []
[2017-10-20T07:09:23.794770+00:00] my-logger.ERROR: sssss {"ffff":"yyy"} []
[2017-10-24T18:58:35.944817+00:00] my-logger.INFO: Name: kjllkjl [] []
[2017-10-24T18:58:36.031686+00:00] my-logger.ERROR: sssss {"ffff":"yyy"} []
[2017-10-24T19:23:16.069482+00:00] my-logger.INFO: Name: kjllkjl [] []
[2017-10-24T19:38:52.102962+00:00] my-logger.INFO: Name: kjllkjl [] []
[2017-10-24T19:38:53.708081+00:00] my-logger.INFO: Name: kjllkjl [] []
[2017-10-24T19:39:07.416237+00:00] my-logger.INFO: Name: kjllkjl [] []
[2017-10-24T19:39:19.833573+00:00] my-logger.INFO: Name: kjllkjl [] []
[2017-10-24T20:00:42.266484+00:00] my-logger.INFO: Name: kjllkjl [] []
[2017-10-24T20:08:50.880179+00:00] my-logger.INFO: Name: kjllkjl [] []
[2017-10-24T20:09:47.002662+00:00] my-logger.INFO: Name: kjllkjl [] []
[2017-10-24T20:10:39.325021+00:00] my-logger.INFO: Name: kjllkjl [] []
[2017-10-24T20:18:20.408575+00:00] my-logger.INFO: Name: kjllkjl [] []
[2017-10-24T20:19:04.601932+00:00] my-logger.INFO: Name: kjllkjl [] []
[2017-10-24T20:21:36.410026+00:00] my-logger.INFO: Name: kjllkjl [] []
[2017-10-24T20:22:34.272981+00:00] my-logger.INFO: Name: kjllkjl [] []
[2017-10-24T20:23:23.454700+00:00] my-logger.INFO: Name: kjllkjl [] []
[2017-10-24T20:23:48.743514+00:00] my-logger.INFO: Name: kjllkjl [] []
[2017-10-24T20:25:29.301052+00:00] my-logger.INFO: Name: kjllkjl [] []
[2017-10-24T20:26:30.034008+00:00] my-logger.INFO: Name: kjllkjl [] []
[2017-10-24T20:26:48.235132+00:00] my-logger.INFO: Name: kjllkjl [] []
[2017-10-24T20:27:16.055197+00:00] my-logger.INFO: Name: kjllkjl [] []
[2017-10-24T20:28:06.278457+00:00] my-logger.INFO: Name: kjllkjl [] []
[2017-10-24T20:28:24.069245+00:00] my-logger.INFO: Name: kjllkjl [] []
[2017-10-24T20:29:18.493738+00:00] my-logger.INFO: Name: kjllkjl [] []
[2017-10-24T20:29:20.272890+00:00] my-logger.INFO: Name: kjllkjl [] []
[2017-10-24T20:35:10.789835+00:00] my-logger.INFO: Name: kjllkjl [] []
[2017-10-24T20:35:28.967758+00:00] my-logger.INFO: Name: kjllkjl [] []
[2017-10-24T20:45:33.506447+00:00] my-logger.INFO: Name: kjllkjl [] []
